<?xml version="1.0" encoding="UTF-8"?>
<coverage generated="1609305940466" clover="3.2.0">
  <project timestamp="1609305940466" name="All files">
    <metrics statements="48" coveredstatements="45" conditionals="12" coveredconditionals="8" methods="21" coveredmethods="20" elements="81" coveredelements="73" complexity="0" loc="48" ncloc="48" packages="3" files="3" classes="3"/>
    <package name="app">
      <metrics statements="31" coveredstatements="28" conditionals="6" coveredconditionals="3" methods="10" coveredmethods="9"/>
      <file name="app.jsx" path="C:\web\andersen\react-todo\elements\app\app.jsx">
        <metrics statements="31" coveredstatements="28" conditionals="6" coveredconditionals="3" methods="10" coveredmethods="9"/>
        <line num="5" count="1" type="stmt"/>
        <line num="9" count="1" type="stmt"/>
        <line num="10" count="1" type="stmt"/>
        <line num="11" count="1" type="stmt"/>
        <line num="12" count="1" type="stmt"/>
        <line num="13" count="1" type="stmt"/>
        <line num="14" count="1" type="stmt"/>
        <line num="15" count="1" type="stmt"/>
        <line num="19" count="0" type="stmt"/>
        <line num="20" count="0" type="stmt"/>
        <line num="21" count="0" type="stmt"/>
        <line num="25" count="1" type="stmt"/>
        <line num="26" count="1" type="stmt"/>
        <line num="27" count="1" type="stmt"/>
        <line num="31" count="1" type="stmt"/>
        <line num="32" count="1" type="cond" truecount="1" falsecount="1"/>
        <line num="33" count="1" type="stmt"/>
        <line num="36" count="1" type="cond" truecount="1" falsecount="1"/>
        <line num="37" count="1" type="stmt"/>
        <line num="38" count="1" type="stmt"/>
        <line num="39" count="1" type="stmt"/>
        <line num="42" count="1" type="cond" truecount="1" falsecount="1"/>
        <line num="43" count="1" type="stmt"/>
        <line num="44" count="1" type="stmt"/>
        <line num="45" count="1" type="stmt"/>
        <line num="48" count="1" type="stmt"/>
        <line num="49" count="1" type="stmt"/>
        <line num="50" count="1" type="stmt"/>
        <line num="53" count="2" type="stmt"/>
        <line num="56" count="7" type="stmt"/>
        <line num="61" count="15" type="stmt"/>
      </file>
    </package>
    <package name="create-todo">
      <metrics statements="10" coveredstatements="10" conditionals="2" coveredconditionals="1" methods="5" coveredmethods="5"/>
      <file name="create-todo.js" path="C:\web\andersen\react-todo\elements\create-todo\create-todo.js">
        <metrics statements="10" coveredstatements="10" conditionals="2" coveredconditionals="1" methods="5" coveredmethods="5"/>
        <line num="4" count="2" type="stmt"/>
        <line num="5" count="2" type="stmt"/>
        <line num="6" count="2" type="stmt"/>
        <line num="7" count="2" type="stmt"/>
        <line num="8" count="2" type="stmt"/>
        <line num="11" count="1" type="cond" truecount="1" falsecount="1"/>
        <line num="12" count="1" type="stmt"/>
        <line num="17" count="1" type="stmt"/>
        <line num="22" count="3" type="stmt"/>
        <line num="25" count="10" type="stmt"/>
      </file>
    </package>
    <package name="todo">
      <metrics statements="7" coveredstatements="7" conditionals="4" coveredconditionals="4" methods="6" coveredmethods="6"/>
      <file name="todo.js" path="C:\web\andersen\react-todo\elements\todo\todo.js">
        <metrics statements="7" coveredstatements="7" conditionals="4" coveredconditionals="4" methods="6" coveredmethods="6"/>
        <line num="5" count="8" type="stmt"/>
        <line num="10" count="21" type="cond" truecount="2" falsecount="0"/>
        <line num="11" count="21" type="stmt"/>
        <line num="15" count="2" type="stmt"/>
        <line num="16" count="2" type="stmt"/>
        <line num="22" count="2" type="stmt"/>
        <line num="24" count="2" type="stmt"/>
      </file>
    </package>
  </project>
</coverage>
