{"C:\\web\\andersen\\react-todo\\elements\\app\\app.jsx": {"path":"C:\\web\\andersen\\react-todo\\elements\\app\\app.jsx","statementMap":{"0":{"start":{"line":5,"column":10},"end":{"line":7,"column":3}},"1":{"start":{"line":9,"column":4},"end":{"line":9,"column":11}},"2":{"start":{"line":10,"column":4},"end":{"line":10,"column":48}},"3":{"start":{"line":11,"column":4},"end":{"line":11,"column":40}},"4":{"start":{"line":12,"column":4},"end":{"line":12,"column":46}},"5":{"start":{"line":13,"column":4},"end":{"line":13,"column":30}},"6":{"start":{"line":14,"column":4},"end":{"line":14,"column":34}},"7":{"start":{"line":15,"column":4},"end":{"line":15,"column":34}},"8":{"start":{"line":19,"column":4},"end":{"line":19,"column":31}},"9":{"start":{"line":20,"column":4},"end":{"line":20,"column":66}},"10":{"start":{"line":21,"column":4},"end":{"line":21,"column":22}},"11":{"start":{"line":25,"column":3},"end":{"line":25,"column":35}},"12":{"start":{"line":26,"column":3},"end":{"line":26,"column":65}},"13":{"start":{"line":27,"column":3},"end":{"line":27,"column":21}},"14":{"start":{"line":31,"column":18},"end":{"line":31,"column":47}},"15":{"start":{"line":32,"column":18},"end":{"line":32,"column":44}},"16":{"start":{"line":33,"column":4},"end":{"line":33,"column":26}},"17":{"start":{"line":36,"column":4},"end":{"line":36,"column":25}},"18":{"start":{"line":36,"column":18},"end":{"line":36,"column":24}},"19":{"start":{"line":37,"column":4},"end":{"line":37,"column":107}},"20":{"start":{"line":38,"column":4},"end":{"line":38,"column":66}},"21":{"start":{"line":39,"column":4},"end":{"line":39,"column":22}},"22":{"start":{"line":42,"column":4},"end":{"line":42,"column":42}},"23":{"start":{"line":42,"column":35},"end":{"line":42,"column":41}},"24":{"start":{"line":43,"column":4},"end":{"line":43,"column":107}},"25":{"start":{"line":44,"column":4},"end":{"line":44,"column":66}},"26":{"start":{"line":45,"column":4},"end":{"line":45,"column":22}},"27":{"start":{"line":48,"column":4},"end":{"line":48,"column":37}},"28":{"start":{"line":49,"column":4},"end":{"line":49,"column":66}},"29":{"start":{"line":50,"column":4},"end":{"line":50,"column":22}},"30":{"start":{"line":53,"column":4},"end":{"line":53,"column":22}},"31":{"start":{"line":56,"column":11},"end":{"line":75,"column":5}},"32":{"start":{"line":61,"column":40},"end":{"line":71,"column":14}}},"fnMap":{"0":{"name":"(anonymous_0)","decl":{"start":{"line":8,"column":2},"end":{"line":8,"column":3}},"loc":{"start":{"line":8,"column":15},"end":{"line":16,"column":3}},"line":8},"1":{"name":"(anonymous_1)","decl":{"start":{"line":18,"column":2},"end":{"line":18,"column":3}},"loc":{"start":{"line":18,"column":15},"end":{"line":22,"column":3}},"line":18},"2":{"name":"(anonymous_2)","decl":{"start":{"line":24,"column":2},"end":{"line":24,"column":3}},"loc":{"start":{"line":24,"column":19},"end":{"line":28,"column":3}},"line":24},"3":{"name":"(anonymous_3)","decl":{"start":{"line":30,"column":2},"end":{"line":30,"column":3}},"loc":{"start":{"line":30,"column":15},"end":{"line":34,"column":3}},"line":30},"4":{"name":"(anonymous_4)","decl":{"start":{"line":35,"column":2},"end":{"line":35,"column":3}},"loc":{"start":{"line":35,"column":11},"end":{"line":40,"column":3}},"line":35},"5":{"name":"(anonymous_5)","decl":{"start":{"line":41,"column":2},"end":{"line":41,"column":3}},"loc":{"start":{"line":41,"column":13},"end":{"line":46,"column":3}},"line":41},"6":{"name":"(anonymous_6)","decl":{"start":{"line":47,"column":2},"end":{"line":47,"column":3}},"loc":{"start":{"line":47,"column":13},"end":{"line":51,"column":3}},"line":47},"7":{"name":"(anonymous_7)","decl":{"start":{"line":52,"column":2},"end":{"line":52,"column":3}},"loc":{"start":{"line":52,"column":21},"end":{"line":54,"column":3}},"line":52},"8":{"name":"(anonymous_8)","decl":{"start":{"line":56,"column":2},"end":{"line":56,"column":3}},"loc":{"start":{"line":56,"column":10},"end":{"line":76,"column":3}},"line":56},"9":{"name":"(anonymous_9)","decl":{"start":{"line":61,"column":31},"end":{"line":61,"column":32}},"loc":{"start":{"line":61,"column":40},"end":{"line":71,"column":14}},"line":61}},"branchMap":{"0":{"loc":{"start":{"line":32,"column":18},"end":{"line":32,"column":44}},"type":"cond-expr","locations":[{"start":{"line":32,"column":24},"end":{"line":32,"column":41}},{"start":{"line":32,"column":42},"end":{"line":32,"column":44}}],"line":32},"1":{"loc":{"start":{"line":36,"column":4},"end":{"line":36,"column":25}},"type":"if","locations":[{"start":{"line":36,"column":4},"end":{"line":36,"column":25}},{"start":{"line":36,"column":4},"end":{"line":36,"column":25}}],"line":36},"2":{"loc":{"start":{"line":42,"column":4},"end":{"line":42,"column":42}},"type":"if","locations":[{"start":{"line":42,"column":4},"end":{"line":42,"column":42}},{"start":{"line":42,"column":4},"end":{"line":42,"column":42}}],"line":42}},"s":{"0":1,"1":1,"2":1,"3":1,"4":1,"5":1,"6":1,"7":1,"8":0,"9":0,"10":0,"11":1,"12":1,"13":1,"14":1,"15":1,"16":1,"17":1,"18":0,"19":1,"20":1,"21":1,"22":1,"23":0,"24":1,"25":1,"26":1,"27":1,"28":1,"29":1,"30":2,"31":7,"32":15},"f":{"0":1,"1":0,"2":1,"3":1,"4":1,"5":1,"6":1,"7":2,"8":7,"9":15},"b":{"0":[0,1],"1":[0,1],"2":[0,1]},"_coverageSchema":"1a1c01bbd47fc00a2c39e90264f33305004495a9","hash":"5524e9407c3b6170c07d40a6c16b5c657e740fe6"}
,"C:\\web\\andersen\\react-todo\\elements\\create-todo\\create-todo.js": {"path":"C:\\web\\andersen\\react-todo\\elements\\create-todo\\create-todo.js","statementMap":{"0":{"start":{"line":4,"column":4},"end":{"line":4,"column":17}},"1":{"start":{"line":5,"column":4},"end":{"line":5,"column":67}},"2":{"start":{"line":6,"column":4},"end":{"line":6,"column":38}},"3":{"start":{"line":7,"column":4},"end":{"line":7,"column":58}},"4":{"start":{"line":8,"column":4},"end":{"line":8,"column":35}},"5":{"start":{"line":11,"column":4},"end":{"line":11,"column":39}},"6":{"start":{"line":11,"column":32},"end":{"line":11,"column":38}},"7":{"start":{"line":12,"column":6},"end":{"line":12,"column":74}},"8":{"start":{"line":17,"column":4},"end":{"line":19,"column":6}},"9":{"start":{"line":22,"column":4},"end":{"line":22,"column":33}},"10":{"start":{"line":25,"column":4},"end":{"line":33,"column":4}}},"fnMap":{"0":{"name":"(anonymous_0)","decl":{"start":{"line":3,"column":2},"end":{"line":3,"column":3}},"loc":{"start":{"line":3,"column":20},"end":{"line":9,"column":3}},"line":3},"1":{"name":"(anonymous_1)","decl":{"start":{"line":10,"column":2},"end":{"line":10,"column":3}},"loc":{"start":{"line":10,"column":10},"end":{"line":14,"column":3}},"line":10},"2":{"name":"(anonymous_2)","decl":{"start":{"line":16,"column":2},"end":{"line":16,"column":3}},"loc":{"start":{"line":16,"column":25},"end":{"line":20,"column":3}},"line":16},"3":{"name":"(anonymous_3)","decl":{"start":{"line":21,"column":2},"end":{"line":21,"column":3}},"loc":{"start":{"line":21,"column":21},"end":{"line":23,"column":3}},"line":21},"4":{"name":"(anonymous_4)","decl":{"start":{"line":24,"column":2},"end":{"line":24,"column":3}},"loc":{"start":{"line":24,"column":10},"end":{"line":34,"column":3}},"line":24}},"branchMap":{"0":{"loc":{"start":{"line":11,"column":4},"end":{"line":11,"column":39}},"type":"if","locations":[{"start":{"line":11,"column":4},"end":{"line":11,"column":39}},{"start":{"line":11,"column":4},"end":{"line":11,"column":39}}],"line":11}},"s":{"0":2,"1":2,"2":2,"3":2,"4":2,"5":1,"6":0,"7":1,"8":1,"9":3,"10":10},"f":{"0":2,"1":1,"2":1,"3":3,"4":10},"b":{"0":[0,1]},"_coverageSchema":"1a1c01bbd47fc00a2c39e90264f33305004495a9","hash":"b30aa7dbb6b88d3ad9b2b2a95ce62789f0a79ad2"}
,"C:\\web\\andersen\\react-todo\\elements\\todo\\todo.js": {"path":"C:\\web\\andersen\\react-todo\\elements\\todo\\todo.js","statementMap":{"0":{"start":{"line":5,"column":4},"end":{"line":5,"column":16}},"1":{"start":{"line":10,"column":20},"end":{"line":10,"column":92}},"2":{"start":{"line":11,"column":4},"end":{"line":27,"column":6}},"3":{"start":{"line":15,"column":60},"end":{"line":15,"column":91}},"4":{"start":{"line":16,"column":62},"end":{"line":16,"column":95}},"5":{"start":{"line":22,"column":29},"end":{"line":22,"column":62}},"6":{"start":{"line":24,"column":64},"end":{"line":24,"column":103}}},"fnMap":{"0":{"name":"(anonymous_0)","decl":{"start":{"line":4,"column":2},"end":{"line":4,"column":3}},"loc":{"start":{"line":4,"column":20},"end":{"line":6,"column":3}},"line":4},"1":{"name":"(anonymous_1)","decl":{"start":{"line":9,"column":2},"end":{"line":9,"column":3}},"loc":{"start":{"line":9,"column":12},"end":{"line":28,"column":3}},"line":9},"2":{"name":"(anonymous_2)","decl":{"start":{"line":15,"column":54},"end":{"line":15,"column":55}},"loc":{"start":{"line":15,"column":59},"end":{"line":15,"column":92}},"line":15},"3":{"name":"(anonymous_3)","decl":{"start":{"line":16,"column":56},"end":{"line":16,"column":57}},"loc":{"start":{"line":16,"column":61},"end":{"line":16,"column":96}},"line":16},"4":{"name":"(anonymous_4)","decl":{"start":{"line":22,"column":23},"end":{"line":22,"column":24}},"loc":{"start":{"line":22,"column":28},"end":{"line":22,"column":63}},"line":22},"5":{"name":"(anonymous_5)","decl":{"start":{"line":24,"column":58},"end":{"line":24,"column":59}},"loc":{"start":{"line":24,"column":63},"end":{"line":24,"column":104}},"line":24}},"branchMap":{"0":{"loc":{"start":{"line":10,"column":41},"end":{"line":10,"column":90}},"type":"cond-expr","locations":[{"start":{"line":10,"column":59},"end":{"line":10,"column":87}},{"start":{"line":10,"column":88},"end":{"line":10,"column":90}}],"line":10},"1":{"loc":{"start":{"line":13,"column":11},"end":{"line":13,"column":85}},"type":"binary-expr","locations":[{"start":{"line":13,"column":11},"end":{"line":13,"column":28}},{"start":{"line":13,"column":32},"end":{"line":13,"column":85}}],"line":13}},"s":{"0":8,"1":21,"2":21,"3":2,"4":2,"5":2,"6":2},"f":{"0":8,"1":21,"2":2,"3":2,"4":2,"5":2},"b":{"0":[1,20],"1":[21,1]},"_coverageSchema":"1a1c01bbd47fc00a2c39e90264f33305004495a9","hash":"1299c25220f876097a68a4e72dca86ef289c8915"}
}
